<?xml version="1.0" encoding="UTF-8"?>
<!-- Generated by org.testng.reporters.JUnitXMLReporter -->
<testsuite ignored="0" hostname="PiyushVerma" failures="0" tests="4" name="Default test" time="0.104" errors="0" timestamp="2020-12-06T21:39:26 IST">
  <testcase classname="GitHub.First_Program" name="test4" time="0.011"/>
  <testcase classname="GitHub.First_Program" name="test3" time="0.002"/>
  <testcase classname="GitHub.First_Program" name="test2" time="0.002"/>
  <testcase classname="GitHub.First_Program" name="test1" time="0.003"/>
</testsuite> <!-- Default test -->
