<?xml version="1.0" encoding="UTF-8"?>
<testng-results ignored="0" total="4" passed="4" failed="0" skipped="0">
  <reporter-output>
  </reporter-output>
  <suite started-at="2020-12-06T21:39:26 IST" name="Default suite" finished-at="2020-12-06T21:39:26 IST" duration-ms="104">
    <groups>
    </groups>
    <test started-at="2020-12-06T21:39:26 IST" name="Default test" finished-at="2020-12-06T21:39:26 IST" duration-ms="104">
      <class name="GitHub.First_Program">
        <test-method is-config="true" signature="setup()[pri:0, instance:GitHub.First_Program@1e1a0406]" started-at="2020-12-06T21:39:26 IST" name="setup" finished-at="2020-12-06T21:39:26 IST" duration-ms="15" status="PASS">
          <reporter-output>
          </reporter-output>
        </test-method> <!-- setup -->
        <test-method is-config="true" signature="launch_URL()[pri:0, instance:GitHub.First_Program@1e1a0406]" started-at="2020-12-06T21:39:26 IST" name="launch_URL" finished-at="2020-12-06T21:39:26 IST" duration-ms="0" status="PASS">
          <reporter-output>
          </reporter-output>
        </test-method> <!-- launch_URL -->
        <test-method is-config="true" signature="abc()[pri:0, instance:GitHub.First_Program@1e1a0406]" started-at="2020-12-06T21:39:26 IST" name="abc" finished-at="2020-12-06T21:39:26 IST" duration-ms="0" status="PASS">
          <reporter-output>
          </reporter-output>
        </test-method> <!-- abc -->
        <test-method signature="test4()[pri:1, instance:GitHub.First_Program@1e1a0406]" started-at="2020-12-06T21:39:26 IST" name="test4" finished-at="2020-12-06T21:39:26 IST" duration-ms="11" status="PASS">
          <reporter-output>
          </reporter-output>
        </test-method> <!-- test4 -->
        <test-method is-config="true" signature="xyz()[pri:0, instance:GitHub.First_Program@1e1a0406]" started-at="2020-12-06T21:39:26 IST" name="xyz" finished-at="2020-12-06T21:39:26 IST" duration-ms="1" status="PASS">
          <reporter-output>
          </reporter-output>
        </test-method> <!-- xyz -->
        <test-method is-config="true" signature="abc()[pri:0, instance:GitHub.First_Program@1e1a0406]" started-at="2020-12-06T21:39:26 IST" name="abc" finished-at="2020-12-06T21:39:26 IST" duration-ms="1" status="PASS">
          <reporter-output>
          </reporter-output>
        </test-method> <!-- abc -->
        <test-method signature="test3()[pri:2, instance:GitHub.First_Program@1e1a0406]" started-at="2020-12-06T21:39:26 IST" name="test3" finished-at="2020-12-06T21:39:26 IST" duration-ms="2" status="PASS">
          <reporter-output>
          </reporter-output>
        </test-method> <!-- test3 -->
        <test-method is-config="true" signature="xyz()[pri:0, instance:GitHub.First_Program@1e1a0406]" started-at="2020-12-06T21:39:26 IST" name="xyz" finished-at="2020-12-06T21:39:26 IST" duration-ms="0" status="PASS">
          <reporter-output>
          </reporter-output>
        </test-method> <!-- xyz -->
        <test-method is-config="true" signature="abc()[pri:0, instance:GitHub.First_Program@1e1a0406]" started-at="2020-12-06T21:39:26 IST" name="abc" finished-at="2020-12-06T21:39:26 IST" duration-ms="0" status="PASS">
          <reporter-output>
          </reporter-output>
        </test-method> <!-- abc -->
        <test-method signature="test2()[pri:3, instance:GitHub.First_Program@1e1a0406]" started-at="2020-12-06T21:39:26 IST" name="test2" finished-at="2020-12-06T21:39:26 IST" duration-ms="2" status="PASS">
          <reporter-output>
          </reporter-output>
        </test-method> <!-- test2 -->
        <test-method is-config="true" signature="xyz()[pri:0, instance:GitHub.First_Program@1e1a0406]" started-at="2020-12-06T21:39:26 IST" name="xyz" finished-at="2020-12-06T21:39:26 IST" duration-ms="0" status="PASS">
          <reporter-output>
          </reporter-output>
        </test-method> <!-- xyz -->
        <test-method signature="test1()[pri:4, instance:GitHub.First_Program@1e1a0406]" started-at="2020-12-06T21:39:26 IST" name="test1" finished-at="2020-12-06T21:39:26 IST" duration-ms="3" status="PASS">
          <reporter-output>
          </reporter-output>
        </test-method> <!-- test1 -->
        <test-method is-config="true" signature="abc()[pri:0, instance:GitHub.First_Program@1e1a0406]" started-at="2020-12-06T21:39:26 IST" name="abc" finished-at="2020-12-06T21:39:26 IST" duration-ms="0" status="PASS">
          <reporter-output>
          </reporter-output>
        </test-method> <!-- abc -->
        <test-method is-config="true" signature="xyz()[pri:0, instance:GitHub.First_Program@1e1a0406]" started-at="2020-12-06T21:39:26 IST" name="xyz" finished-at="2020-12-06T21:39:26 IST" duration-ms="1" status="PASS">
          <reporter-output>
          </reporter-output>
        </test-method> <!-- xyz -->
        <test-method is-config="true" signature="z_logout()[pri:0, instance:GitHub.First_Program@1e1a0406]" started-at="2020-12-06T21:39:26 IST" name="z_logout" finished-at="2020-12-06T21:39:26 IST" duration-ms="1" status="PASS">
          <reporter-output>
          </reporter-output>
        </test-method> <!-- z_logout -->
        <test-method is-config="true" signature="close_URL()[pri:0, instance:GitHub.First_Program@1e1a0406]" started-at="2020-12-06T21:39:26 IST" name="close_URL" finished-at="2020-12-06T21:39:26 IST" duration-ms="0" status="PASS">
          <reporter-output>
          </reporter-output>
        </test-method> <!-- close_URL -->
      </class> <!-- GitHub.First_Program -->
    </test> <!-- Default test -->
  </suite> <!-- Default suite -->
</testng-results>
